[uDD::Log][2022-01-28 15:26:35] Start
[uDD::Log][2022-01-28 15:26:35] OS Version    : 10.0
[uDD::Log][2022-01-28 15:26:35] Build Number  : 19042
[uDD::Log][2022-01-28 15:26:35] Service Pack  : 
[uDD::Log][2022-01-28 15:26:35] Graphics Card [0] : Intel(R) HD Graphics 530
[uDD::Log][2022-01-28 15:26:35]   > Monitor[0] : \\.\DISPLAY1
[uDD::Log][2022-01-28 15:26:35] Graphics Card [1] : Microsoft Basic Render Driver
[uDD::Log][2022-01-28 15:26:35] Monitor::Initialized() =>
[uDD::Log][2022-01-28 15:26:35]     ID    : 0
[uDD::Log][2022-01-28 15:26:35]     Size  : (3440, 1440)
[uDD::Log][2022-01-28 15:26:35]     DPI   : (109, 109)
[uDD::Log][2022-01-28 15:26:35]     Rot   : Landscape
[uDD::Log][2022-01-28 15:26:35] Duplicator::Initialize() => OK.
[uDD::Log][2022-01-28 15:29:00] Duplicator::UpdateMoveRects() => DXGI_ERROR_ACCESS_LOST.
[uDD::Log][2022-01-28 15:29:00] Duplicator::UpdateDirtyRects() => DXGI_ERROR_ACCESS_LOST.
[uDD::Log][2022-01-28 15:29:00] Duplicator::Duplicate() => DXGI_ERROR_ACCESS_LOST.
[uDD::Err][2022-01-28 15:29:00] Duplicator::Duplicate() => DXGI_ERROR_INVALID_CALL.
[uDD::Log][2022-01-28 15:29:01] MonitorManager::Reinitialize()
[uDD::Log][2022-01-28 15:29:01] Graphics Card [0] : Intel(R) HD Graphics 530
[uDD::Log][2022-01-28 15:29:01]   > Monitor[0] : \\.\DISPLAY1
[uDD::Log][2022-01-28 15:29:01] Graphics Card [1] : Microsoft Basic Render Driver
[uDD::Err][2022-01-28 15:29:01] Monitor::Initialize() => GetDpiForMonitor() failed.
[uDD::Log][2022-01-28 15:29:01] Monitor::Initialized() =>
[uDD::Log][2022-01-28 15:29:01]     ID    : 0
[uDD::Log][2022-01-28 15:29:01]     Size  : (1024, 768)
[uDD::Log][2022-01-28 15:29:01]     DPI   : (0, 0)
[uDD::Log][2022-01-28 15:29:01]     Rot   : Landscape
[uDD::Log][2022-01-28 15:29:01] Duplicator::Initialize() => OK.
[uDD::Log][2022-01-28 15:59:34] Duplicator::Duplicate() => DXGI_ERROR_ACCESS_LOST.
[uDD::Log][2022-01-28 15:59:35] MonitorManager::Reinitialize()
[uDD::Log][2022-01-28 15:59:35] Graphics Card [0] : Intel(R) HD Graphics 530
[uDD::Log][2022-01-28 15:59:35]   > Monitor[0] : \\.\DISPLAY1
[uDD::Log][2022-01-28 15:59:35] Graphics Card [1] : Microsoft Basic Render Driver
[uDD::Log][2022-01-28 15:59:35] Monitor::Initialized() =>
[uDD::Log][2022-01-28 15:59:35]     ID    : 0
[uDD::Log][2022-01-28 15:59:35]     Size  : (3440, 1440)
[uDD::Log][2022-01-28 15:59:35]     DPI   : (109, 109)
[uDD::Log][2022-01-28 15:59:35]     Rot   : Landscape
[uDD::Log][2022-01-28 15:59:36] Duplicator::Initialize() => OK.
[uDD::Log][2022-01-28 15:59:52] Duplicator::UpdateMoveRects() => DXGI_ERROR_ACCESS_LOST.
[uDD::Log][2022-01-28 15:59:52] Duplicator::UpdateDirtyRects() => DXGI_ERROR_ACCESS_LOST.
[uDD::Log][2022-01-28 15:59:52] Duplicator::Duplicate() => DXGI_ERROR_ACCESS_LOST.
[uDD::Err][2022-01-28 15:59:52] Duplicator::Duplicate() => DXGI_ERROR_INVALID_CALL.
[uDD::Log][2022-01-28 15:59:53] MonitorManager::Reinitialize()
[uDD::Log][2022-01-28 15:59:54] Graphics Card [0] : Intel(R) HD Graphics 530
[uDD::Log][2022-01-28 15:59:54]   > Monitor[0] : \\.\DISPLAY1
[uDD::Log][2022-01-28 15:59:54] Graphics Card [1] : Microsoft Basic Render Driver
[uDD::Err][2022-01-28 15:59:54] Monitor::Initialize() => GetDpiForMonitor() failed.
[uDD::Log][2022-01-28 15:59:54] Monitor::Initialized() =>
[uDD::Log][2022-01-28 15:59:54]     ID    : 0
[uDD::Log][2022-01-28 15:59:54]     Size  : (1024, 768)
[uDD::Log][2022-01-28 15:59:54]     DPI   : (0, 0)
[uDD::Log][2022-01-28 15:59:54]     Rot   : Landscape
[uDD::Log][2022-01-28 15:59:54] Duplicator::Initialize() => OK.
[uDD::Log][2022-01-28 16:36:50] Duplicator::Duplicate() => DXGI_ERROR_ACCESS_LOST.
[uDD::Log][2022-01-28 16:36:51] MonitorManager::Reinitialize()
[uDD::Log][2022-01-28 16:36:51] Graphics Card [0] : Intel(R) HD Graphics 530
[uDD::Log][2022-01-28 16:36:51]   > Monitor[0] : \\.\DISPLAY1
[uDD::Log][2022-01-28 16:36:51] Graphics Card [1] : Microsoft Basic Render Driver
[uDD::Log][2022-01-28 16:36:51] Monitor::Initialized() =>
[uDD::Log][2022-01-28 16:36:51]     ID    : 0
[uDD::Log][2022-01-28 16:36:51]     Size  : (3440, 1440)
[uDD::Log][2022-01-28 16:36:51]     DPI   : (109, 109)
[uDD::Log][2022-01-28 16:36:51]     Rot   : Landscape
[uDD::Log][2022-01-28 16:36:51] Duplicator::Initialize() => OK.
[uDD::Log][2022-01-28 16:36:58] Duplicator::UpdateMoveRects() => DXGI_ERROR_ACCESS_LOST.
[uDD::Log][2022-01-28 16:36:58] Duplicator::UpdateDirtyRects() => DXGI_ERROR_ACCESS_LOST.
[uDD::Log][2022-01-28 16:36:58] Duplicator::Duplicate() => DXGI_ERROR_ACCESS_LOST.
[uDD::Err][2022-01-28 16:36:58] Duplicator::Duplicate() => DXGI_ERROR_INVALID_CALL.
[uDD::Log][2022-01-28 16:37:01] MonitorManager::Reinitialize()
[uDD::Log][2022-01-28 16:37:02] Graphics Card [0] : Intel(R) HD Graphics 530
[uDD::Log][2022-01-28 16:37:02]   > Monitor[0] : \\.\DISPLAY1
[uDD::Log][2022-01-28 16:37:02] Graphics Card [1] : Microsoft Basic Render Driver
[uDD::Log][2022-01-28 16:37:02] Monitor::Initialized() =>
[uDD::Log][2022-01-28 16:37:02]     ID    : 0
[uDD::Log][2022-01-28 16:37:02]     Size  : (1720, 1440)
[uDD::Log][2022-01-28 16:37:02]     DPI   : (54, 109)
[uDD::Log][2022-01-28 16:37:02]     Rot   : Landscape
[uDD::Log][2022-01-28 16:37:02] Duplicator::Initialize() => OK.
[uDD::Log][2022-01-28 16:52:43] Duplicator::Duplicate() => DXGI_ERROR_ACCESS_LOST.
[uDD::Log][2022-01-28 16:52:46] MonitorManager::Reinitialize()
[uDD::Log][2022-01-28 16:52:46] Graphics Card [0] : Intel(R) HD Graphics 530
[uDD::Log][2022-01-28 16:52:46]   > Monitor[0] : \\.\DISPLAY1
[uDD::Log][2022-01-28 16:52:46] Graphics Card [1] : Microsoft Basic Render Driver
[uDD::Log][2022-01-28 16:52:46] Monitor::Initialized() =>
[uDD::Log][2022-01-28 16:52:46]     ID    : 0
[uDD::Log][2022-01-28 16:52:46]     Size  : (3440, 1440)
[uDD::Log][2022-01-28 16:52:46]     DPI   : (109, 109)
[uDD::Log][2022-01-28 16:52:46]     Rot   : Landscape
[uDD::Log][2022-01-28 16:52:46] Duplicator::Initialize() => OK.
[uDD::Log][2022-01-28 17:11:32] Duplicator::Duplicate() => DXGI_ERROR_ACCESS_LOST.
[uDD::Log][2022-01-28 17:11:35] MonitorManager::Reinitialize()
[uDD::Log][2022-01-28 17:11:35] Graphics Card [0] : Intel(R) HD Graphics 530
[uDD::Log][2022-01-28 17:11:35]   > Monitor[0] : \\.\DISPLAY1
[uDD::Log][2022-01-28 17:11:35] Graphics Card [1] : Microsoft Basic Render Driver
[uDD::Log][2022-01-28 17:11:35] Monitor::Initialized() =>
[uDD::Log][2022-01-28 17:11:35]     ID    : 0
[uDD::Log][2022-01-28 17:11:35]     Size  : (1720, 1440)
[uDD::Log][2022-01-28 17:11:35]     DPI   : (54, 109)
[uDD::Log][2022-01-28 17:11:35]     Rot   : Landscape
[uDD::Log][2022-01-28 17:11:35] Duplicator::Initialize() => OK.
[uDD::Log][2022-01-28 17:54:30] Duplicator::UpdateMoveRects() => DXGI_ERROR_ACCESS_LOST.
[uDD::Log][2022-01-28 17:54:30] Duplicator::UpdateDirtyRects() => DXGI_ERROR_ACCESS_LOST.
[uDD::Log][2022-01-28 17:54:30] Duplicator::Duplicate() => DXGI_ERROR_ACCESS_LOST.
[uDD::Err][2022-01-28 17:54:30] Duplicator::Duplicate() => DXGI_ERROR_INVALID_CALL.
